10:32:32.307 [main] INFO  o.s.c.s.PostProcessorRegistrationDelegate$BeanPostProcessorChecker - Bean 'org.springframework.cloud.autoconfigure.ConfigurationPropertiesRebinderAutoConfiguration' of type [org.springframework.cloud.autoconfigure.ConfigurationPropertiesRebinderAutoConfiguration$$EnhancerBySpringCGLIB$$3f45961b] is not eligible for getting processed by all BeanPostProcessors (for example: not eligible for auto-proxying) 
10:32:32.482 [main] INFO  com.remit.RemitApplication - The following profiles are active: dev 
10:32:34.058 [main] INFO  o.s.d.r.c.RepositoryConfigurationDelegate - Bootstrapping Spring Data repositories in DEFAULT mode. 
10:32:34.144 [main] INFO  o.s.d.r.c.RepositoryConfigurationDelegate - Finished Spring Data repository scanning in 81ms. Found 9 repository interfaces. 
10:32:34.309 [main] INFO  o.s.c.context.scope.GenericScope - BeanFactory id=9115b851-4859-3626-bea9-ad9859e97da4 
10:32:34.370 [main] INFO  o.s.c.s.PostProcessorRegistrationDelegate$BeanPostProcessorChecker - Bean 'org.springframework.transaction.annotation.ProxyTransactionManagementConfiguration' of type [org.springframework.transaction.annotation.ProxyTransactionManagementConfiguration$$EnhancerBySpringCGLIB$$232b931e] is not eligible for getting processed by all BeanPostProcessors (for example: not eligible for auto-proxying) 
10:32:34.389 [main] INFO  o.s.c.s.PostProcessorRegistrationDelegate$BeanPostProcessorChecker - Bean 'org.springframework.security.config.annotation.configuration.ObjectPostProcessorConfiguration' of type [org.springframework.security.config.annotation.configuration.ObjectPostProcessorConfiguration$$EnhancerBySpringCGLIB$$bbd95b58] is not eligible for getting processed by all BeanPostProcessors (for example: not eligible for auto-proxying) 
10:32:34.392 [main] INFO  o.s.c.s.PostProcessorRegistrationDelegate$BeanPostProcessorChecker - Bean 'objectPostProcessor' of type [org.springframework.security.config.annotation.configuration.AutowireBeanFactoryObjectPostProcessor] is not eligible for getting processed by all BeanPostProcessors (for example: not eligible for auto-proxying) 
10:32:34.394 [main] INFO  o.s.c.s.PostProcessorRegistrationDelegate$BeanPostProcessorChecker - Bean 'org.springframework.security.access.expression.method.DefaultMethodSecurityExpressionHandler@741ac284' of type [org.springframework.security.access.expression.method.DefaultMethodSecurityExpressionHandler] is not eligible for getting processed by all BeanPostProcessors (for example: not eligible for auto-proxying) 
10:32:34.396 [main] INFO  o.s.c.s.PostProcessorRegistrationDelegate$BeanPostProcessorChecker - Bean 'org.springframework.security.config.annotation.method.configuration.GlobalMethodSecurityConfiguration' of type [org.springframework.security.config.annotation.method.configuration.GlobalMethodSecurityConfiguration$$EnhancerBySpringCGLIB$$e0adfe0a] is not eligible for getting processed by all BeanPostProcessors (for example: not eligible for auto-proxying) 
10:32:34.398 [main] INFO  o.s.c.s.PostProcessorRegistrationDelegate$BeanPostProcessorChecker - Bean 'methodSecurityMetadataSource' of type [org.springframework.security.access.method.DelegatingMethodSecurityMetadataSource] is not eligible for getting processed by all BeanPostProcessors (for example: not eligible for auto-proxying) 
10:32:34.408 [main] INFO  o.s.c.s.PostProcessorRegistrationDelegate$BeanPostProcessorChecker - Bean 'org.springframework.cloud.autoconfigure.ConfigurationPropertiesRebinderAutoConfiguration' of type [org.springframework.cloud.autoconfigure.ConfigurationPropertiesRebinderAutoConfiguration$$EnhancerBySpringCGLIB$$3f45961b] is not eligible for getting processed by all BeanPostProcessors (for example: not eligible for auto-proxying) 
10:32:34.634 [main] INFO  o.s.b.w.e.tomcat.TomcatWebServer - Tomcat initialized with port(s): 9001 (http) 
10:32:34.651 [main] INFO  o.a.catalina.core.StandardService - Starting service [Tomcat] 
10:32:34.651 [main] INFO  o.a.catalina.core.StandardEngine - Starting Servlet engine: [Apache Tomcat/9.0.14] 
10:32:34.655 [main] INFO  o.a.c.core.AprLifecycleListener - The APR based Apache Tomcat Native library which allows optimal performance in production environments was not found on the java.library.path: [/usr/java/packages/lib:/usr/lib64:/lib64:/lib:/usr/lib] 
10:32:34.737 [main] INFO  o.a.c.c.C.[.[localhost].[/api] - Initializing Spring embedded WebApplicationContext 
10:32:34.892 [main] INFO  com.zaxxer.hikari.HikariDataSource - HikariPool-1 - Starting... 
10:32:35.213 [main] INFO  com.zaxxer.hikari.HikariDataSource - HikariPool-1 - Start completed. 
10:32:35.247 [main] INFO  o.h.jpa.internal.util.LogHelper - HHH000204: Processing PersistenceUnitInfo [
	name: default
	...] 
10:32:35.298 [main] INFO  org.hibernate.Version - HHH000412: Hibernate Core {5.3.7.Final} 
10:32:35.299 [main] INFO  org.hibernate.cfg.Environment - HHH000206: hibernate.properties not found 
10:32:35.369 [main] INFO  o.h.annotations.common.Version - HCANN000001: Hibernate Commons Annotations {5.0.4.Final} 
10:32:35.469 [main] INFO  org.hibernate.dialect.Dialect - HHH000400: Using dialect: org.hibernate.dialect.MySQL5Dialect 
10:32:35.988 [main] INFO  o.s.o.j.LocalContainerEntityManagerFactoryBean - Initialized JPA EntityManagerFactory for persistence unit 'default' 
10:32:36.155 [main] INFO  o.h.h.i.QueryTranslatorFactoryInitiator - HHH000397: Using ASTQueryTranslatorFactory 
10:32:36.391 [main] DEBUG o.s.w.f.CommonsRequestLoggingFilter - Filter 'requestLoggingFilter' configured for use 
10:32:36.710 [main] WARN  o.s.b.a.o.j.JpaBaseConfiguration$JpaWebConfiguration$JpaWebMvcConfiguration - spring.jpa.open-in-view is enabled by default. Therefore, database queries may be performed during view rendering. Explicitly configure spring.jpa.open-in-view to disable this warning 
10:32:36.818 [main] INFO  s.d.s.w.PropertySourcedRequestMappingHandlerMapping - Mapped URL path [/v2/api-docs] onto method [public org.springframework.http.ResponseEntity<springfox.documentation.spring.web.json.Json> springfox.documentation.swagger2.web.Swagger2Controller.getDocumentation(java.lang.String,javax.servlet.http.HttpServletRequest)] 
10:32:36.896 [main] INFO  o.s.s.w.DefaultSecurityFilterChain - Creating filter chain: any request, [org.springframework.security.web.context.request.async.WebAsyncManagerIntegrationFilter@66be0e72, org.springframework.security.web.context.SecurityContextPersistenceFilter@6ba516ff, org.springframework.security.web.header.HeaderWriterFilter@726d0482, org.springframework.web.filter.CorsFilter@38276668, org.springframework.security.web.authentication.logout.LogoutFilter@3a0f5141, com.remit.security.JwtRequestFilter@df34b01, org.springframework.security.web.savedrequest.RequestCacheAwareFilter@769c80d1, org.springframework.security.web.servletapi.SecurityContextHolderAwareRequestFilter@3e242137, org.springframework.security.web.authentication.AnonymousAuthenticationFilter@e09c7a2, org.springframework.security.web.session.SessionManagementFilter@672549f3, org.springframework.security.web.access.ExceptionTranslationFilter@3c00da24, org.springframework.security.web.access.intercept.FilterSecurityInterceptor@3ba6707e] 
10:32:36.932 [main] WARN  c.n.c.s.URLConfigurationSource - No URLs will be polled as dynamic configuration sources. 
10:32:36.933 [main] INFO  c.n.c.s.URLConfigurationSource - To enable URLs as dynamic configuration sources, define System property archaius.configurationSource.additionalUrls or make config.properties available on classpath. 
10:32:36.935 [main] WARN  c.n.c.s.URLConfigurationSource - No URLs will be polled as dynamic configuration sources. 
10:32:36.935 [main] INFO  c.n.c.s.URLConfigurationSource - To enable URLs as dynamic configuration sources, define System property archaius.configurationSource.additionalUrls or make config.properties available on classpath. 
10:32:37.103 [main] INFO  o.s.s.c.ThreadPoolTaskExecutor - Initializing ExecutorService 'applicationTaskExecutor' 
10:32:37.401 [main] INFO  s.d.s.w.p.DocumentationPluginsBootstrapper - Context refreshed 
10:32:37.410 [main] INFO  s.d.s.w.p.DocumentationPluginsBootstrapper - Found 1 custom documentation plugin(s) 
10:32:37.424 [main] INFO  s.d.s.w.s.ApiListingReferenceScanner - Scanning for api listing references 
10:32:37.643 [main] INFO  s.d.s.w.r.o.CachingOperationNameGenerator - Generating unique operation named: saveUsingPOST_1 
10:32:37.647 [main] INFO  s.d.s.w.r.o.CachingOperationNameGenerator - Generating unique operation named: saveUsingPOST_2 
10:32:37.686 [main] INFO  o.s.b.w.e.tomcat.TomcatWebServer - Tomcat started on port(s): 9001 (http) with context path '/api' 
10:32:37.688 [main] INFO  com.remit.RemitApplication - Started RemitApplication in 6.126 seconds (JVM running for 6.763) 
10:33:14.739 [http-nio-9001-exec-1] INFO  o.a.c.c.C.[.[localhost].[/api] - Initializing Spring DispatcherServlet 'dispatcherServlet' 
10:33:14.770 [http-nio-9001-exec-1] WARN  com.remit.security.JwtRequestFilter - JWT Token does not begin with Bearer String 
10:33:14.778 [http-nio-9001-exec-1] DEBUG o.s.w.f.CommonsRequestLoggingFilter - Before request [uri=/api/swagger-ui.html;client=0:0:0:0:0:0:0:1] 
10:33:14.803 [http-nio-9001-exec-1] DEBUG o.s.w.f.CommonsRequestLoggingFilter - After request [uri=/api/swagger-ui.html;client=0:0:0:0:0:0:0:1] 
10:33:14.877 [http-nio-9001-exec-2] WARN  com.remit.security.JwtRequestFilter - JWT Token does not begin with Bearer String 
10:33:14.878 [http-nio-9001-exec-2] DEBUG o.s.w.f.CommonsRequestLoggingFilter - Before request [uri=/api/webjars/springfox-swagger-ui/springfox.css?v=2.9.2;client=0:0:0:0:0:0:0:1] 
10:33:14.879 [http-nio-9001-exec-3] WARN  com.remit.security.JwtRequestFilter - JWT Token does not begin with Bearer String 
10:33:14.880 [http-nio-9001-exec-3] DEBUG o.s.w.f.CommonsRequestLoggingFilter - Before request [uri=/api/webjars/springfox-swagger-ui/swagger-ui.css?v=2.9.2;client=0:0:0:0:0:0:0:1] 
10:33:14.880 [http-nio-9001-exec-4] WARN  com.remit.security.JwtRequestFilter - JWT Token does not begin with Bearer String 
10:33:14.881 [http-nio-9001-exec-5] WARN  com.remit.security.JwtRequestFilter - JWT Token does not begin with Bearer String 
10:33:14.881 [http-nio-9001-exec-4] DEBUG o.s.w.f.CommonsRequestLoggingFilter - Before request [uri=/api/webjars/springfox-swagger-ui/swagger-ui-bundle.js?v=2.9.2;client=0:0:0:0:0:0:0:1] 
10:33:14.882 [http-nio-9001-exec-5] DEBUG o.s.w.f.CommonsRequestLoggingFilter - Before request [uri=/api/webjars/springfox-swagger-ui/swagger-ui-standalone-preset.js?v=2.9.2;client=0:0:0:0:0:0:0:1] 
10:33:14.885 [http-nio-9001-exec-6] WARN  com.remit.security.JwtRequestFilter - JWT Token does not begin with Bearer String 
10:33:14.886 [http-nio-9001-exec-6] DEBUG o.s.w.f.CommonsRequestLoggingFilter - Before request [uri=/api/webjars/springfox-swagger-ui/springfox.js?v=2.9.2;client=0:0:0:0:0:0:0:1] 
10:33:14.887 [http-nio-9001-exec-2] DEBUG o.s.w.f.CommonsRequestLoggingFilter - After request [uri=/api/webjars/springfox-swagger-ui/springfox.css?v=2.9.2;client=0:0:0:0:0:0:0:1] 
10:33:15.364 [http-nio-9001-exec-3] DEBUG o.s.w.f.CommonsRequestLoggingFilter - After request [uri=/api/webjars/springfox-swagger-ui/swagger-ui.css?v=2.9.2;client=0:0:0:0:0:0:0:1] 
10:33:15.532 [http-nio-9001-exec-6] DEBUG o.s.w.f.CommonsRequestLoggingFilter - After request [uri=/api/webjars/springfox-swagger-ui/springfox.js?v=2.9.2;client=0:0:0:0:0:0:0:1] 
10:33:15.563 [http-nio-9001-exec-5] DEBUG o.s.w.f.CommonsRequestLoggingFilter - After request [uri=/api/webjars/springfox-swagger-ui/swagger-ui-standalone-preset.js?v=2.9.2;client=0:0:0:0:0:0:0:1] 
10:33:15.625 [http-nio-9001-exec-4] DEBUG o.s.w.f.CommonsRequestLoggingFilter - After request [uri=/api/webjars/springfox-swagger-ui/swagger-ui-bundle.js?v=2.9.2;client=0:0:0:0:0:0:0:1] 
10:33:16.393 [http-nio-9001-exec-7] WARN  com.remit.security.JwtRequestFilter - JWT Token does not begin with Bearer String 
10:33:16.394 [http-nio-9001-exec-7] DEBUG o.s.w.f.CommonsRequestLoggingFilter - Before request [uri=/api/swagger-resources/configuration/ui;client=0:0:0:0:0:0:0:1] 
10:33:16.439 [http-nio-9001-exec-7] DEBUG o.s.w.f.CommonsRequestLoggingFilter - After request [uri=/api/swagger-resources/configuration/ui;client=0:0:0:0:0:0:0:1] 
10:33:16.445 [http-nio-9001-exec-8] WARN  com.remit.security.JwtRequestFilter - JWT Token does not begin with Bearer String 
10:33:16.446 [http-nio-9001-exec-8] DEBUG o.s.w.f.CommonsRequestLoggingFilter - Before request [uri=/api/swagger-resources/configuration/security;client=0:0:0:0:0:0:0:1] 
10:33:16.453 [http-nio-9001-exec-8] DEBUG o.s.w.f.CommonsRequestLoggingFilter - After request [uri=/api/swagger-resources/configuration/security;client=0:0:0:0:0:0:0:1] 
10:33:16.458 [http-nio-9001-exec-9] WARN  com.remit.security.JwtRequestFilter - JWT Token does not begin with Bearer String 
10:33:16.458 [http-nio-9001-exec-9] DEBUG o.s.w.f.CommonsRequestLoggingFilter - Before request [uri=/api/swagger-resources;client=0:0:0:0:0:0:0:1] 
10:33:16.465 [http-nio-9001-exec-9] DEBUG o.s.w.f.CommonsRequestLoggingFilter - After request [uri=/api/swagger-resources;client=0:0:0:0:0:0:0:1] 
10:33:16.509 [http-nio-9001-exec-10] WARN  com.remit.security.JwtRequestFilter - JWT Token does not begin with Bearer String 
10:33:16.509 [http-nio-9001-exec-1] WARN  com.remit.security.JwtRequestFilter - JWT Token does not begin with Bearer String 
10:33:16.510 [http-nio-9001-exec-10] DEBUG o.s.w.f.CommonsRequestLoggingFilter - Before request [uri=/api/v2/api-docs;client=0:0:0:0:0:0:0:1] 
10:33:16.529 [http-nio-9001-exec-2] WARN  com.remit.security.JwtRequestFilter - JWT Token does not begin with Bearer String 
10:33:16.530 [http-nio-9001-exec-2] DEBUG o.s.w.f.CommonsRequestLoggingFilter - Before request [uri=/api/webjars/springfox-swagger-ui/fonts/titillium-web-v6-latin-700.woff2;client=0:0:0:0:0:0:0:1] 
10:33:16.537 [http-nio-9001-exec-3] WARN  com.remit.security.JwtRequestFilter - JWT Token does not begin with Bearer String 
10:33:16.540 [http-nio-9001-exec-2] DEBUG o.s.w.f.CommonsRequestLoggingFilter - After request [uri=/api/webjars/springfox-swagger-ui/fonts/titillium-web-v6-latin-700.woff2;client=0:0:0:0:0:0:0:1] 
10:33:16.671 [http-nio-9001-exec-10] DEBUG o.s.w.f.CommonsRequestLoggingFilter - After request [uri=/api/v2/api-docs;client=0:0:0:0:0:0:0:1] 
10:33:16.887 [http-nio-9001-exec-6] WARN  com.remit.security.JwtRequestFilter - JWT Token does not begin with Bearer String 
10:33:16.887 [http-nio-9001-exec-5] WARN  com.remit.security.JwtRequestFilter - JWT Token does not begin with Bearer String 
10:33:16.888 [http-nio-9001-exec-4] WARN  com.remit.security.JwtRequestFilter - JWT Token does not begin with Bearer String 
10:33:16.888 [http-nio-9001-exec-6] DEBUG o.s.w.f.CommonsRequestLoggingFilter - Before request [uri=/api/webjars/springfox-swagger-ui/fonts/open-sans-v15-latin-700.woff2;client=0:0:0:0:0:0:0:1] 
10:33:16.888 [http-nio-9001-exec-5] DEBUG o.s.w.f.CommonsRequestLoggingFilter - Before request [uri=/api/webjars/springfox-swagger-ui/fonts/source-code-pro-v7-latin-300.woff2;client=0:0:0:0:0:0:0:1] 
10:33:16.888 [http-nio-9001-exec-4] DEBUG o.s.w.f.CommonsRequestLoggingFilter - Before request [uri=/api/webjars/springfox-swagger-ui/fonts/open-sans-v15-latin-regular.woff2;client=0:0:0:0:0:0:0:1] 
10:33:16.892 [http-nio-9001-exec-6] DEBUG o.s.w.f.CommonsRequestLoggingFilter - After request [uri=/api/webjars/springfox-swagger-ui/fonts/open-sans-v15-latin-700.woff2;client=0:0:0:0:0:0:0:1] 
10:33:16.892 [http-nio-9001-exec-4] DEBUG o.s.w.f.CommonsRequestLoggingFilter - After request [uri=/api/webjars/springfox-swagger-ui/fonts/open-sans-v15-latin-regular.woff2;client=0:0:0:0:0:0:0:1] 
10:33:16.892 [http-nio-9001-exec-5] DEBUG o.s.w.f.CommonsRequestLoggingFilter - After request [uri=/api/webjars/springfox-swagger-ui/fonts/source-code-pro-v7-latin-300.woff2;client=0:0:0:0:0:0:0:1] 
10:33:19.966 [http-nio-9001-exec-7] WARN  com.remit.security.JwtRequestFilter - JWT Token does not begin with Bearer String 
10:33:19.966 [http-nio-9001-exec-7] DEBUG o.s.w.f.CommonsRequestLoggingFilter - Before request [uri=/api/webjars/springfox-swagger-ui/fonts/source-code-pro-v7-latin-600.woff2;client=0:0:0:0:0:0:0:1] 
10:33:20.032 [http-nio-9001-exec-7] DEBUG o.s.w.f.CommonsRequestLoggingFilter - After request [uri=/api/webjars/springfox-swagger-ui/fonts/source-code-pro-v7-latin-600.woff2;client=0:0:0:0:0:0:0:1] 
10:33:23.879 [http-nio-9001-exec-8] WARN  com.remit.security.JwtRequestFilter - JWT Token does not begin with Bearer String 
10:33:23.879 [http-nio-9001-exec-8] DEBUG o.s.w.f.CommonsRequestLoggingFilter - Before request [uri=/api/webjars/springfox-swagger-ui/fonts/titillium-web-v6-latin-regular.woff2;client=0:0:0:0:0:0:0:1] 
10:33:23.905 [http-nio-9001-exec-8] DEBUG o.s.w.f.CommonsRequestLoggingFilter - After request [uri=/api/webjars/springfox-swagger-ui/fonts/titillium-web-v6-latin-regular.woff2;client=0:0:0:0:0:0:0:1] 
10:44:44.371 [http-nio-9001-exec-6] WARN  com.remit.security.JwtRequestFilter - JWT Token does not begin with Bearer String 
10:44:44.372 [http-nio-9001-exec-6] DEBUG o.s.w.f.CommonsRequestLoggingFilter - Before request [uri=/api/login;client=0:0:0:0:0:0:0:1] 
10:44:46.368 [http-nio-9001-exec-6] INFO  com.remit.enums.ResponseObject - RESPONSE===> {message=Authorisation granted., user=AbstractAuditingEntity(version=0, createdBy=anonymousUser, createdDate=2020-09-28T06:08:26Z, lastModifiedBy=anonymousUser, lastModifiedDate=2020-09-28T06:08:26Z), token=eyJhbGciOiJIUzI1NiJ9.eyJzdWIiOiJmbGF2aWFuIiwiYXV0aG9yaXRpZXMiOltdLCJpYXQiOjE2MDQ3Mzg2ODYsImV4cCI6MTYwNDc1NjY4Nn0.xT_HEu0AI16BkOLEhe5V43sOcEaChVd49dsuECWxc4g, status=200} 
10:44:46.392 [http-nio-9001-exec-6] DEBUG o.s.w.f.CommonsRequestLoggingFilter - After request [uri=/api/login;client=0:0:0:0:0:0:0:1;user=flavian;payload={
  "password": "@Tryphine88!",
  "username": "flavian"
}] 
10:44:46.478 [http-nio-9001-exec-5] WARN  com.remit.security.JwtRequestFilter - JWT Token does not begin with Bearer String 
10:44:46.479 [http-nio-9001-exec-5] DEBUG o.s.w.f.CommonsRequestLoggingFilter - Before request [uri=/api/webjars/springfox-swagger-ui/fonts/titillium-web-v6-latin-600.woff2;client=0:0:0:0:0:0:0:1] 
10:44:46.482 [http-nio-9001-exec-5] DEBUG o.s.w.f.CommonsRequestLoggingFilter - After request [uri=/api/webjars/springfox-swagger-ui/fonts/titillium-web-v6-latin-600.woff2;client=0:0:0:0:0:0:0:1] 
10:55:38.921 [http-nio-9001-exec-7] WARN  com.remit.security.JwtRequestFilter - JWT Token does not begin with Bearer String 
10:55:38.932 [http-nio-9001-exec-7] DEBUG o.s.w.f.CommonsRequestLoggingFilter - Before request [uri=/api/login;client=127.0.0.1] 
10:55:39.061 [http-nio-9001-exec-7] INFO  com.remit.enums.ResponseObject - RESPONSE===> {message=Authorisation granted., user=AbstractAuditingEntity(version=0, createdBy=anonymousUser, createdDate=2020-09-28T06:08:26Z, lastModifiedBy=anonymousUser, lastModifiedDate=2020-09-28T06:08:26Z), token=eyJhbGciOiJIUzI1NiJ9.eyJzdWIiOiJmbGF2aWFuIiwiYXV0aG9yaXRpZXMiOltdLCJpYXQiOjE2MDQ3MzkzMzksImV4cCI6MTYwNDc1NzMzOX0.5vJXXQ_6plmjYPr9EHNdT3JbZpvkQbeUKbv37ayhIf8, status=200} 
10:55:39.062 [http-nio-9001-exec-7] DEBUG o.s.w.f.CommonsRequestLoggingFilter - After request [uri=/api/login;client=127.0.0.1;user=flavian;payload={"username":"flavian","password":"@Tryphine88!"}] 
